<?xml version="1.0" encoding="UTF-8"?>
<testsuite name="com.example.firstImpression.springboot.web.IndexControllerTest" tests="1" skipped="0" failures="0" errors="0" timestamp="2020-02-03T12:25:44" hostname="DESKTOP-23UPQEM" time="0.46">
  <properties/>
  <testcase name="메인페이지_로딩" classname="com.example.firstImpression.springboot.web.IndexControllerTest" time="0.46"/>
  <system-out><![CDATA[21:25:35.884 [Test worker] DEBUG org.springframework.test.context.junit4.SpringJUnit4ClassRunner - SpringJUnit4ClassRunner constructor called with [class com.example.firstImpression.springboot.web.IndexControllerTest]
21:25:35.899 [Test worker] DEBUG org.springframework.test.context.BootstrapUtils - Instantiating CacheAwareContextLoaderDelegate from class [org.springframework.test.context.cache.DefaultCacheAwareContextLoaderDelegate]
21:25:35.917 [Test worker] DEBUG org.springframework.test.context.BootstrapUtils - Instantiating BootstrapContext using constructor [public org.springframework.test.context.support.DefaultBootstrapContext(java.lang.Class,org.springframework.test.context.CacheAwareContextLoaderDelegate)]
21:25:35.951 [Test worker] DEBUG org.springframework.test.context.BootstrapUtils - Instantiating TestContextBootstrapper for test class [com.example.firstImpression.springboot.web.IndexControllerTest] from class [org.springframework.boot.test.context.SpringBootTestContextBootstrapper]
21:25:35.981 [Test worker] INFO org.springframework.boot.test.context.SpringBootTestContextBootstrapper - Neither @ContextConfiguration nor @ContextHierarchy found for test class [com.example.firstImpression.springboot.web.IndexControllerTest], using SpringBootContextLoader
21:25:35.985 [Test worker] DEBUG org.springframework.test.context.support.AbstractContextLoader - Did not detect default resource location for test class [com.example.firstImpression.springboot.web.IndexControllerTest]: class path resource [com/example/firstImpression/springboot/web/IndexControllerTest-context.xml] does not exist
21:25:35.986 [Test worker] DEBUG org.springframework.test.context.support.AbstractContextLoader - Did not detect default resource location for test class [com.example.firstImpression.springboot.web.IndexControllerTest]: class path resource [com/example/firstImpression/springboot/web/IndexControllerTestContext.groovy] does not exist
21:25:35.986 [Test worker] INFO org.springframework.test.context.support.AbstractContextLoader - Could not detect default resource locations for test class [com.example.firstImpression.springboot.web.IndexControllerTest]: no resource found for suffixes {-context.xml, Context.groovy}.
21:25:35.987 [Test worker] INFO org.springframework.test.context.support.AnnotationConfigContextLoaderUtils - Could not detect default configuration classes for test class [com.example.firstImpression.springboot.web.IndexControllerTest]: IndexControllerTest does not declare any static, non-private, non-final, nested classes annotated with @Configuration.
21:25:36.061 [Test worker] DEBUG org.springframework.test.context.support.ActiveProfilesUtils - Could not find an 'annotation declaring class' for annotation type [org.springframework.test.context.ActiveProfiles] and class [com.example.firstImpression.springboot.web.IndexControllerTest]
21:25:36.218 [Test worker] DEBUG org.springframework.context.annotation.ClassPathScanningCandidateComponentProvider - Identified candidate component class: file [C:\Users\Haerang Kim\IdeaProjects\firstImpression\build\classes\java\main\com\example\firstImpression\springboot\Application.class]
21:25:36.221 [Test worker] INFO org.springframework.boot.test.context.SpringBootTestContextBootstrapper - Found @SpringBootConfiguration com.example.firstImpression.springboot.Application for test class com.example.firstImpression.springboot.web.IndexControllerTest
21:25:36.397 [Test worker] DEBUG org.springframework.boot.test.context.SpringBootTestContextBootstrapper - @TestExecutionListeners is not present for class [com.example.firstImpression.springboot.web.IndexControllerTest]: using defaults.
21:25:36.397 [Test worker] INFO org.springframework.boot.test.context.SpringBootTestContextBootstrapper - Loaded default TestExecutionListener class names from location [META-INF/spring.factories]: [org.springframework.boot.test.autoconfigure.restdocs.RestDocsTestExecutionListener, org.springframework.boot.test.autoconfigure.web.client.MockRestServiceServerResetTestExecutionListener, org.springframework.boot.test.autoconfigure.web.servlet.MockMvcPrintOnlyOnFailureTestExecutionListener, org.springframework.boot.test.autoconfigure.web.servlet.WebDriverTestExecutionListener, org.springframework.boot.test.mock.mockito.MockitoTestExecutionListener, org.springframework.boot.test.mock.mockito.ResetMocksTestExecutionListener, org.springframework.test.context.web.ServletTestExecutionListener, org.springframework.test.context.support.DirtiesContextBeforeModesTestExecutionListener, org.springframework.test.context.support.DependencyInjectionTestExecutionListener, org.springframework.test.context.support.DirtiesContextTestExecutionListener, org.springframework.test.context.transaction.TransactionalTestExecutionListener, org.springframework.test.context.jdbc.SqlScriptsTestExecutionListener]
21:25:36.431 [Test worker] INFO org.springframework.boot.test.context.SpringBootTestContextBootstrapper - Using TestExecutionListeners: [org.springframework.test.context.web.ServletTestExecutionListener@658e7cd6, org.springframework.test.context.support.DirtiesContextBeforeModesTestExecutionListener@637b91c7, org.springframework.boot.test.mock.mockito.MockitoTestExecutionListener@1a1fed92, org.springframework.boot.test.autoconfigure.SpringBootDependencyInjectionTestExecutionListener@1d5485db, org.springframework.test.context.support.DirtiesContextTestExecutionListener@baa226b, org.springframework.test.context.transaction.TransactionalTestExecutionListener@34606f70, org.springframework.test.context.jdbc.SqlScriptsTestExecutionListener@51f67713, org.springframework.boot.test.autoconfigure.restdocs.RestDocsTestExecutionListener@68355aab, org.springframework.boot.test.autoconfigure.web.client.MockRestServiceServerResetTestExecutionListener@325684bc, org.springframework.boot.test.autoconfigure.web.servlet.MockMvcPrintOnlyOnFailureTestExecutionListener@5fa7669, org.springframework.boot.test.autoconfigure.web.servlet.WebDriverTestExecutionListener@6756c72a, org.springframework.boot.test.mock.mockito.ResetMocksTestExecutionListener@25f42969]
21:25:36.438 [Test worker] DEBUG org.springframework.test.annotation.ProfileValueUtils - Retrieved @ProfileValueSourceConfiguration [null] for test class [com.example.firstImpression.springboot.web.IndexControllerTest]
21:25:36.439 [Test worker] DEBUG org.springframework.test.annotation.ProfileValueUtils - Retrieved ProfileValueSource type [class org.springframework.test.annotation.SystemProfileValueSource] for class [com.example.firstImpression.springboot.web.IndexControllerTest]
21:25:36.444 [Test worker] DEBUG org.springframework.test.annotation.ProfileValueUtils - Retrieved @ProfileValueSourceConfiguration [null] for test class [com.example.firstImpression.springboot.web.IndexControllerTest]
21:25:36.445 [Test worker] DEBUG org.springframework.test.annotation.ProfileValueUtils - Retrieved ProfileValueSource type [class org.springframework.test.annotation.SystemProfileValueSource] for class [com.example.firstImpression.springboot.web.IndexControllerTest]
21:25:36.446 [Test worker] DEBUG org.springframework.test.annotation.ProfileValueUtils - Retrieved @ProfileValueSourceConfiguration [null] for test class [com.example.firstImpression.springboot.web.IndexControllerTest]
21:25:36.446 [Test worker] DEBUG org.springframework.test.annotation.ProfileValueUtils - Retrieved ProfileValueSource type [class org.springframework.test.annotation.SystemProfileValueSource] for class [com.example.firstImpression.springboot.web.IndexControllerTest]
21:25:36.455 [Test worker] DEBUG org.springframework.test.context.support.AbstractDirtiesContextTestExecutionListener - Before test class: context [DefaultTestContext@74e2123 testClass = IndexControllerTest, testInstance = [null], testMethod = [null], testException = [null], mergedContextConfiguration = [WebMergedContextConfiguration@51ae3a41 testClass = IndexControllerTest, locations = '{}', classes = '{class com.example.firstImpression.springboot.Application}', contextInitializerClasses = '[]', activeProfiles = '{}', propertySourceLocations = '{}', propertySourceProperties = '{org.springframework.boot.test.context.SpringBootTestContextBootstrapper=true, server.port=0}', contextCustomizers = set[org.springframework.boot.test.autoconfigure.properties.PropertyMappingContextCustomizer@0, org.springframework.boot.test.autoconfigure.web.servlet.WebDriverContextCustomizerFactory$Customizer@345a25fe, org.springframework.boot.test.context.filter.ExcludeFilterContextCustomizer@62b5c537, org.springframework.boot.test.json.DuplicateJsonObjectContextCustomizerFactory$DuplicateJsonObjectContextCustomizer@3d987a22, org.springframework.boot.test.mock.mockito.MockitoContextCustomizer@0, org.springframework.boot.test.web.client.TestRestTemplateContextCustomizer@77da64f9], resourceBasePath = 'src/main/webapp', contextLoader = 'org.springframework.boot.test.context.SpringBootContextLoader', parent = [null]], attributes = map['org.springframework.test.context.web.ServletTestExecutionListener.activateListener' -> false]], class annotated with @DirtiesContext [false] with mode [null].
21:25:36.456 [Test worker] DEBUG org.springframework.test.annotation.ProfileValueUtils - Retrieved @ProfileValueSourceConfiguration [null] for test class [com.example.firstImpression.springboot.web.IndexControllerTest]
21:25:36.456 [Test worker] DEBUG org.springframework.test.annotation.ProfileValueUtils - Retrieved ProfileValueSource type [class org.springframework.test.annotation.SystemProfileValueSource] for class [com.example.firstImpression.springboot.web.IndexControllerTest]
21:25:36.469 [Test worker] DEBUG org.springframework.test.context.support.DependencyInjectionTestExecutionListener - Performing dependency injection for test context [[DefaultTestContext@74e2123 testClass = IndexControllerTest, testInstance = com.example.firstImpression.springboot.web.IndexControllerTest@13fd2f95, testMethod = [null], testException = [null], mergedContextConfiguration = [WebMergedContextConfiguration@51ae3a41 testClass = IndexControllerTest, locations = '{}', classes = '{class com.example.firstImpression.springboot.Application}', contextInitializerClasses = '[]', activeProfiles = '{}', propertySourceLocations = '{}', propertySourceProperties = '{org.springframework.boot.test.context.SpringBootTestContextBootstrapper=true, server.port=0}', contextCustomizers = set[org.springframework.boot.test.autoconfigure.properties.PropertyMappingContextCustomizer@0, org.springframework.boot.test.autoconfigure.web.servlet.WebDriverContextCustomizerFactory$Customizer@345a25fe, org.springframework.boot.test.context.filter.ExcludeFilterContextCustomizer@62b5c537, org.springframework.boot.test.json.DuplicateJsonObjectContextCustomizerFactory$DuplicateJsonObjectContextCustomizer@3d987a22, org.springframework.boot.test.mock.mockito.MockitoContextCustomizer@0, org.springframework.boot.test.web.client.TestRestTemplateContextCustomizer@77da64f9], resourceBasePath = 'src/main/webapp', contextLoader = 'org.springframework.boot.test.context.SpringBootContextLoader', parent = [null]], attributes = map['org.springframework.test.context.web.ServletTestExecutionListener.activateListener' -> false]]].
21:25:36.501 [Test worker] DEBUG org.springframework.test.context.support.TestPropertySourceUtils - Adding inlined properties to environment: {spring.jmx.enabled=false, org.springframework.boot.test.context.SpringBootTestContextBootstrapper=true, server.port=0}

  .   ____          _            __ _ _
 /\\ / ___'_ __ _ _(_)_ __  __ _ \ \ \ \
( ( )\___ | '_ | '_| | '_ \/ _` | \ \ \ \
 \\/  ___)| |_)| | | | | || (_| |  ) ) ) )
  '  |____| .__|_| |_|_| |_\__, | / / / /
 =========|_|==============|___/=/_/_/_/
 :: Spring Boot ::        (v2.1.7.RELEASE)

2020-02-03 21:25:36.964  INFO 12964 --- [    Test worker] c.e.f.s.web.IndexControllerTest          : Starting IndexControllerTest on DESKTOP-23UPQEM with PID 12964 (started by Haerang Kim in C:\Users\Haerang Kim\IdeaProjects\firstImpression)
2020-02-03 21:25:36.966  INFO 12964 --- [    Test worker] c.e.f.s.web.IndexControllerTest          : No active profile set, falling back to default profiles: default
2020-02-03 21:25:38.270  INFO 12964 --- [    Test worker] .s.d.r.c.RepositoryConfigurationDelegate : Bootstrapping Spring Data repositories in DEFAULT mode.
2020-02-03 21:25:38.399  INFO 12964 --- [    Test worker] .s.d.r.c.RepositoryConfigurationDelegate : Finished Spring Data repository scanning in 115ms. Found 1 repository interfaces.
2020-02-03 21:25:39.065  INFO 12964 --- [    Test worker] trationDelegate$BeanPostProcessorChecker : Bean 'org.springframework.transaction.annotation.ProxyTransactionManagementConfiguration' of type [org.springframework.transaction.annotation.ProxyTransactionManagementConfiguration$$EnhancerBySpringCGLIB$$e19fd3e7] is not eligible for getting processed by all BeanPostProcessors (for example: not eligible for auto-proxying)
2020-02-03 21:25:39.793  INFO 12964 --- [    Test worker] o.s.b.w.embedded.tomcat.TomcatWebServer  : Tomcat initialized with port(s): 0 (http)
2020-02-03 21:25:39.834  INFO 12964 --- [    Test worker] o.apache.catalina.core.StandardService   : Starting service [Tomcat]
2020-02-03 21:25:39.835  INFO 12964 --- [    Test worker] org.apache.catalina.core.StandardEngine  : Starting Servlet engine: [Apache Tomcat/9.0.22]
2020-02-03 21:25:40.062  INFO 12964 --- [    Test worker] o.a.c.c.C.[Tomcat].[localhost].[/]       : Initializing Spring embedded WebApplicationContext
2020-02-03 21:25:40.063  INFO 12964 --- [    Test worker] o.s.web.context.ContextLoader            : Root WebApplicationContext: initialization completed in 3065 ms
2020-02-03 21:25:40.497  INFO 12964 --- [    Test worker] com.zaxxer.hikari.HikariDataSource       : HikariPool-1 - Starting...
2020-02-03 21:25:40.762  INFO 12964 --- [    Test worker] com.zaxxer.hikari.HikariDataSource       : HikariPool-1 - Start completed.
2020-02-03 21:25:40.919  INFO 12964 --- [    Test worker] o.hibernate.jpa.internal.util.LogHelper  : HHH000204: Processing PersistenceUnitInfo [
	name: default
	...]
2020-02-03 21:25:41.057  INFO 12964 --- [    Test worker] org.hibernate.Version                    : HHH000412: Hibernate Core {5.3.10.Final}
2020-02-03 21:25:41.060  INFO 12964 --- [    Test worker] org.hibernate.cfg.Environment            : HHH000206: hibernate.properties not found
2020-02-03 21:25:41.358  INFO 12964 --- [    Test worker] o.hibernate.annotations.common.Version   : HCANN000001: Hibernate Commons Annotations {5.0.4.Final}
2020-02-03 21:25:41.654  INFO 12964 --- [    Test worker] org.hibernate.dialect.Dialect            : HHH000400: Using dialect: org.hibernate.dialect.MySQL5InnoDBDialect
Hibernate: drop table if exists posts
Hibernate: create table posts (id bigint not null auto_increment, created_date datetime, modified_date datetime, author varchar(255), content TEXT not null, title varchar(500) not null, primary key (id)) engine=InnoDB
2020-02-03 21:25:42.688  INFO 12964 --- [    Test worker] o.h.t.schema.internal.SchemaCreatorImpl  : HHH000476: Executing import script 'org.hibernate.tool.schema.internal.exec.ScriptSourceInputNonExistentImpl@4754b7db'
2020-02-03 21:25:42.693  INFO 12964 --- [    Test worker] j.LocalContainerEntityManagerFactoryBean : Initialized JPA EntityManagerFactory for persistence unit 'default'
2020-02-03 21:25:44.075  INFO 12964 --- [    Test worker] o.s.s.concurrent.ThreadPoolTaskExecutor  : Initializing ExecutorService 'applicationTaskExecutor'
2020-02-03 21:25:44.159  WARN 12964 --- [    Test worker] aWebConfiguration$JpaWebMvcConfiguration : spring.jpa.open-in-view is enabled by default. Therefore, database queries may be performed during view rendering. Explicitly configure spring.jpa.open-in-view to disable this warning
2020-02-03 21:25:44.245  INFO 12964 --- [    Test worker] o.s.b.a.w.s.WelcomePageHandlerMapping    : Adding welcome page template: index
2020-02-03 21:25:44.824  INFO 12964 --- [    Test worker] o.s.b.w.embedded.tomcat.TomcatWebServer  : Tomcat started on port(s): 57534 (http) with context path ''
2020-02-03 21:25:44.827  INFO 12964 --- [    Test worker] c.e.f.s.web.IndexControllerTest          : Started IndexControllerTest in 8.323 seconds (JVM running for 10.436)
2020-02-03 21:25:45.101  INFO 12964 --- [o-auto-1-exec-1] o.a.c.c.C.[Tomcat].[localhost].[/]       : Initializing Spring DispatcherServlet 'dispatcherServlet'
2020-02-03 21:25:45.101  INFO 12964 --- [o-auto-1-exec-1] o.s.web.servlet.DispatcherServlet        : Initializing Servlet 'dispatcherServlet'
2020-02-03 21:25:45.131  INFO 12964 --- [o-auto-1-exec-1] o.s.web.servlet.DispatcherServlet        : Completed initialization in 29 ms
]]></system-out>
  <system-err><![CDATA[]]></system-err>
</testsuite>
